Determining if the pthread_create exist failed with the following output:
Change Dir: /home/roblab/BunaiRobcon2021/build/robot1/CMakeFiles/CMakeTmp

Run Build Command:"/usr/bin/make" "cmTC_8f571/fast"
/usr/bin/make -f CMakeFiles/cmTC_8f571.dir/build.make CMakeFiles/cmTC_8f571.dir/build
make[1]: ディレクトリ '/home/roblab/BunaiRobcon2021/build/robot1/CMakeFiles/CMakeTmp' に入ります
Building C object CMakeFiles/cmTC_8f571.dir/CheckSymbolExists.c.o
/usr/bin/cc    -o CMakeFiles/cmTC_8f571.dir/CheckSymbolExists.c.o   -c /home/roblab/BunaiRobcon2021/build/robot1/CMakeFiles/CMakeTmp/CheckSymbolExists.c
Linking C executable cmTC_8f571
/usr/bin/cmake -E cmake_link_script CMakeFiles/cmTC_8f571.dir/link.txt --verbose=1
/usr/bin/cc      -rdynamic CMakeFiles/cmTC_8f571.dir/CheckSymbolExists.c.o  -o cmTC_8f571 
CMakeFiles/cmTC_8f571.dir/CheckSymbolExists.c.o: 関数 `main' 内:
CheckSymbolExists.c:(.text+0x1b): `pthread_create' に対する定義されていない参照です
collect2: error: ld returned 1 exit status
CMakeFiles/cmTC_8f571.dir/build.make:97: recipe for target 'cmTC_8f571' failed
make[1]: *** [cmTC_8f571] Error 1
make[1]: ディレクトリ '/home/roblab/BunaiRobcon2021/build/robot1/CMakeFiles/CMakeTmp' から出ます
Makefile:126: recipe for target 'cmTC_8f571/fast' failed
make: *** [cmTC_8f571/fast] Error 2

File /home/roblab/BunaiRobcon2021/build/robot1/CMakeFiles/CMakeTmp/CheckSymbolExists.c:
/* */
#include <pthread.h>

int main(int argc, char** argv)
{
  (void)argv;
#ifndef pthread_create
  return ((int*)(&pthread_create))[argc];
#else
  (void)argc;
  return 0;
#endif
}

Determining if the function pthread_create exists in the pthreads failed with the following output:
Change Dir: /home/roblab/BunaiRobcon2021/build/robot1/CMakeFiles/CMakeTmp

Run Build Command:"/usr/bin/make" "cmTC_45aae/fast"
/usr/bin/make -f CMakeFiles/cmTC_45aae.dir/build.make CMakeFiles/cmTC_45aae.dir/build
make[1]: ディレクトリ '/home/roblab/BunaiRobcon2021/build/robot1/CMakeFiles/CMakeTmp' に入ります
Building C object CMakeFiles/cmTC_45aae.dir/CheckFunctionExists.c.o
/usr/bin/cc   -DCHECK_FUNCTION_EXISTS=pthread_create   -o CMakeFiles/cmTC_45aae.dir/CheckFunctionExists.c.o   -c /usr/share/cmake-3.10/Modules/CheckFunctionExists.c
Linking C executable cmTC_45aae
/usr/bin/cmake -E cmake_link_script CMakeFiles/cmTC_45aae.dir/link.txt --verbose=1
/usr/bin/cc  -DCHECK_FUNCTION_EXISTS=pthread_create    -rdynamic CMakeFiles/cmTC_45aae.dir/CheckFunctionExists.c.o  -o cmTC_45aae -lpthreads 
/usr/bin/ld: -lpthreads が見つかりません
collect2: error: ld returned 1 exit status
CMakeFiles/cmTC_45aae.dir/build.make:97: recipe for target 'cmTC_45aae' failed
make[1]: *** [cmTC_45aae] Error 1
make[1]: ディレクトリ '/home/roblab/BunaiRobcon2021/build/robot1/CMakeFiles/CMakeTmp' から出ます
Makefile:126: recipe for target 'cmTC_45aae/fast' failed
make: *** [cmTC_45aae/fast] Error 2


