[35m[1mScanning dependencies of target rob2_firework[0m
[ 50%] [32mBuilding CXX object CMakeFiles/rob2_firework.dir/src/rob2_firework.cpp.o[0m
[01m[K/home/roblab/BunaiRobcon2021/src/robot2/src/rob2_firework.cpp:30:7:[m[K [01;31m[Kerror: [m[K‘[01m[Kfloat time[m[K’ redeclared as different kind of symbol
 float [01;31m[Ktime[m[K = 0;
       [01;31m[K^~~~[m[K
In file included from [01m[K/usr/include/pthread.h:24:0[m[K,
                 from [01m[K/usr/include/x86_64-linux-gnu/c++/7/bits/gthr-default.h:35[m[K,
                 from [01m[K/usr/include/x86_64-linux-gnu/c++/7/bits/gthr.h:148[m[K,
                 from [01m[K/usr/include/c++/7/ext/atomicity.h:35[m[K,
                 from [01m[K/usr/include/c++/7/bits/basic_string.h:39[m[K,
                 from [01m[K/usr/include/c++/7/string:52[m[K,
                 from [01m[K/opt/ros/melodic/include/ros/platform.h:38[m[K,
                 from [01m[K/opt/ros/melodic/include/ros/time.h:53[m[K,
                 from [01m[K/opt/ros/melodic/include/ros/ros.h:38[m[K,
                 from [01m[K/home/roblab/BunaiRobcon2021/src/robot2/src/rob2_firework.cpp:15[m[K:
[01m[K/usr/include/time.h:75:15:[m[K [01;36m[Knote: [m[Kprevious declaration ‘[01m[Ktime_t time(time_t*)[m[K’
 extern time_t [01;36m[Ktime[m[K (time_t *__timer) __THROW;
               [01;36m[K^~~~[m[K
[01m[K/home/roblab/BunaiRobcon2021/src/robot2/src/rob2_firework.cpp:38:47:[m[K [01;31m[Kerror: [m[K‘[01m[KFloat32[m[K’ in namespace ‘[01m[Kstd_msgs[m[K’ does not name a type
 inline void joy_msg_Callback( const std_msgs::[01;31m[KFloat32[m[K::ConstPtr &joy_msg );
                                               [01;31m[K^~~~~~~[m[K
[01m[K/home/roblab/BunaiRobcon2021/src/robot2/src/rob2_firework.cpp:38:65:[m[K [01;31m[Kerror: [m[Kexpected unqualified-id before ‘[01m[K&[m[K’ token
 inline void joy_msg_Callback( const std_msgs::Float32::ConstPtr [01;31m[K&[m[Kjoy_msg );
                                                                 [01;31m[K^[m[K
[01m[K/home/roblab/BunaiRobcon2021/src/robot2/src/rob2_firework.cpp:38:65:[m[K [01;31m[Kerror: [m[Kexpected ‘[01m[K)[m[K’ before ‘[01m[K&[m[K’ token
[01m[K/home/roblab/BunaiRobcon2021/src/robot2/src/rob2_firework.cpp:38:66:[m[K [01;31m[Kerror: [m[Kexpected initializer before ‘[01m[Kjoy_msg[m[K’
 inline void joy_msg_Callback( const std_msgs::Float32::ConstPtr &[01;31m[Kjoy_msg[m[K );
                                                                  [01;31m[K^~~~~~~[m[K
[01m[K/home/roblab/BunaiRobcon2021/src/robot2/src/rob2_firework.cpp:[m[K In function ‘[01m[Kint main(int, char**)[m[K’:
[01m[K/home/roblab/BunaiRobcon2021/src/robot2/src/rob2_firework.cpp:66:7:[m[K [01;31m[Kerror: [m[K‘[01m[KServo[m[K’ was not declared in this scope
       [01;31m[KServo[m[K();
       [01;31m[K^~~~~[m[K
[01m[K/home/roblab/BunaiRobcon2021/src/robot2/src/rob2_firework.cpp:67:7:[m[K [01;31m[Kerror: [m[K‘[01m[KLED[m[K’ was not declared in this scope
       [01;31m[KLED[m[K();
       [01;31m[K^~~[m[K
[01m[K/home/roblab/BunaiRobcon2021/src/robot2/src/rob2_firework.cpp:[m[K At global scope:
[01m[K/home/roblab/BunaiRobcon2021/src/robot2/src/rob2_firework.cpp:84:39:[m[K [01;31m[Kerror: [m[K‘[01m[KFloat32[m[K’ in namespace ‘[01m[Kstd_msgs[m[K’ does not name a type
 void joy_msg_Callback(const std_msgs::[01;31m[KFloat32[m[K::ConstPtr &joy_msg)
                                       [01;31m[K^~~~~~~[m[K
[01m[K/home/roblab/BunaiRobcon2021/src/robot2/src/rob2_firework.cpp:84:57:[m[K [01;31m[Kerror: [m[Kexpected unqualified-id before ‘[01m[K&[m[K’ token
 void joy_msg_Callback(const std_msgs::Float32::ConstPtr [01;31m[K&[m[Kjoy_msg)
                                                         [01;31m[K^[m[K
[01m[K/home/roblab/BunaiRobcon2021/src/robot2/src/rob2_firework.cpp:84:57:[m[K [01;31m[Kerror: [m[Kexpected ‘[01m[K)[m[K’ before ‘[01m[K&[m[K’ token
[01m[K/home/roblab/BunaiRobcon2021/src/robot2/src/rob2_firework.cpp:84:58:[m[K [01;31m[Kerror: [m[Kexpected initializer before ‘[01m[Kjoy_msg[m[K’
 void joy_msg_Callback(const std_msgs::Float32::ConstPtr &[01;31m[Kjoy_msg[m[K)
                                                          [01;31m[K^~~~~~~[m[K
[01m[K/home/roblab/BunaiRobcon2021/src/robot2/src/rob2_firework.cpp:[m[K In function ‘[01m[Kvoid Servo()[m[K’:
[01m[K/home/roblab/BunaiRobcon2021/src/robot2/src/rob2_firework.cpp:93:36:[m[K [01;31m[Kerror: [m[KISO C++ forbids comparison between pointer and integer [[01;31m[K-fpermissive[m[K]
    if(servo_mech == true && time < [01;31m[K10[m[K){
                                    [01;31m[K^~[m[K
[01m[K/home/roblab/BunaiRobcon2021/src/robot2/src/rob2_firework.cpp:94:12:[m[K [01;31m[Kerror: [m[Kinvalid operands of types ‘[01m[Ktime_t(time_t*) throw () {aka long int(long int*) throw ()}[m[K’ and ‘[01m[Kfloat[m[K’ to binary ‘[01m[Koperator+[m[K’
       time [01;31m[K+[m[K= CTRL_PERIOD;
            [01;31m[K^[m[K
[01m[K/home/roblab/BunaiRobcon2021/src/robot2/src/rob2_firework.cpp:26:21:[m[K [01;31m[Kerror: [m[K  in evaluation of ‘[01m[Koperator+=(time_t(time_t*) throw () {aka long int(long int*) throw ()}, float)[m[K’
 #define CTRL_PERIOD [01;31m[K0[m[K.02f
                     [01;31m[K^[m[K
[01m[K/home/roblab/BunaiRobcon2021/src/robot2/src/rob2_firework.cpp:94:15:[m[K [01;36m[Knote: [m[Kin expansion of macro ‘[01m[KCTRL_PERIOD[m[K’
       time += [01;36m[KCTRL_PERIOD[m[K;
               [01;36m[K^~~~~~~~~~~[m[K
[01m[K/home/roblab/BunaiRobcon2021/src/robot2/src/rob2_firework.cpp:99:14:[m[K [01;31m[Kerror: [m[Kassignment of function ‘[01m[Ktime_t time(time_t*)[m[K’
       time = [01;31m[K0[m[K;
              [01;31m[K^[m[K
[01m[K/home/roblab/BunaiRobcon2021/src/robot2/src/rob2_firework.cpp:99:14:[m[K [01;31m[Kerror: [m[Kcannot convert ‘[01m[Kint[m[K’ to ‘[01m[Ktime_t(time_t*) throw () {aka long int(long int*) throw ()}[m[K’ in assignment
CMakeFiles/rob2_firework.dir/build.make:62: recipe for target 'CMakeFiles/rob2_firework.dir/src/rob2_firework.cpp.o' failed
make[2]: *** [CMakeFiles/rob2_firework.dir/src/rob2_firework.cpp.o] Error 1
CMakeFiles/Makefile2:291: recipe for target 'CMakeFiles/rob2_firework.dir/all' failed
make[1]: *** [CMakeFiles/rob2_firework.dir/all] Error 2
make: *** [all] Error 2
Makefile:140: recipe for target 'all' failed
